1635023804742:start
1635023809386:1
1635023814347:author
1635023820188:show a
1635023836962:showId a 2
1635023852458:showId a
1635023864826:showId a --2
1635024086013:start
1635024095401:author
1635024099929:show a
1635024107506:showId a --2
1635024117153:showId a 2
1635024146097:showId a --2
1635024161345:showId a 2
1635024286793:start
1635024295433:showId a 2
1635024458012:start
1635024466602:author
1635024485666:showId a 2
1635024506353:show a
1635025059554:start
1635025063679:author
1635025069840:show a
1635025198273:add a VanDarkholme 1972-10-24 Dungeonaster
1635025200992:show a
1635096808020:start
1635096815041:author
1635096821464:show a
1635096828256:show a 1
1635096838112:showId a 1
1635096844903:add a
1635096879888:show a
1635096972688:add a
1635096995976:showId a 4
1635097023632:update a 4
1635097104363:update a 1
1635097331978:show a
1635097336144:update a 1
1635098850291:start
1635098854671:show a
1635098862799:add a
1635098878391:show a
1635099021144:update a 4
1635099044143:show a
1635099315535:show b
1635103773648:start
1635105912855:show bfi
1635105977220:show bfi 1
1635106011652:show a
1635106014396:show a 1
1635106025308:showId bfi 1
1635106059900:del a 1
1635106300869:show b
1635106309692:show bfi
1635106354461:del b 1
1635106361668:show bfi
1635106445894:show b
1635106449180:add b
1635106985220:stacktrace
1635107088590:add b
1635107102796:stacktrace
1635107124711:add b
1635107170708:stacktrace
1635107421799:update b
1635107427764:update b 1
1635107447732:show b
1635107502957:del g 1
1635107509332:show b
1635107517404:show bfi
1635107897230:del a 1
1635107901172:show bfi
1638830346056:show b
1638830351176:show c 61ae90e5df94400a495614db
<<<<<<< HEAD
1639215743240:show b
1639215746543:show a
1640034860170:show b
1640034866450:showId b 61c0f2295818db24eadb7e20
1640034869704:show a
1640034871584:show g
1640034897274:show
1640034900344:add a
1640034911392:show a
1640035390594:del a 61c0f4228d5ba637889017d4
1640035409167:stacktrace
1640035489920:show a
1640035495023:del a 61c0f49f4828e366460b1314
1640035954744:show b
1640036142830:show a
1640036147086:del a 61c0f7297b39bf3673fce6ee
1640036150148:show b
1640037115852:show a
1640037120964:update a 61c0facba96a137f9b0ad3b5
1640037156594:show b
=======
>>>>>>> 3ce69a9... HW08-MONGO init commit without test
